<?xml version="1.0" encoding="UTF-8"?>
<!-- Generated by org.testng.reporters.JUnitXMLReporter -->
<testsuite ignored="0" hostname="DESKTOP-ER55616" failures="0" tests="10" name="Cart" time="5.314" errors="0" timestamp="2026-09-22T10:20:52 IST">
  <testcase classname="testcases.CartTest" name="testCreateCart" time="0.494"/>
  <testcase classname="testcases.CartTest" name="testDeleteCart" time="0.549"/>
  <testcase classname="testcases.CartTest" name="testGetAllCarts" time="0.53"/>
  <testcase classname="testcases.CartTest" name="testGetCartById" time="0.51"/>
  <testcase classname="testcases.CartTest" name="testGetCartsByDateRange" time="0.563"/>
  <testcase classname="testcases.CartTest" name="testGetCartsSortedAsc" time="0.55"/>
  <testcase classname="testcases.CartTest" name="testGetCartsSorteddesc" time="0.545"/>
  <testcase classname="testcases.CartTest" name="testGetCartsWithLimit" time="0.526"/>
  <testcase classname="testcases.CartTest" name="testGetUserCart" time="0.516"/>
  <testcase classname="testcases.CartTest" name="testUpdateCart" time="0.485"/>
</testsuite> <!-- Cart -->
