<?xml version="1.0" encoding="UTF-8"?>
<!-- Generated by org.testng.reporters.JUnitXMLReporter -->
<testsuite ignored="0" hostname="DESKTOP-ER55616" failures="0" tests="10" name="Product" time="9.135" errors="0" timestamp="2026-09-22T01:44:58 IST">
  <testcase classname="testcases.ProductTests" name="testAddNewProduct" time="3.333"/>
  <testcase classname="testcases.ProductTests" name="testDeleteProduct" time="1.246"/>
  <testcase classname="testcases.ProductTests" name="testGetAllCategories" time="0.462"/>
  <testcase classname="testcases.ProductTests" name="testGetAllProducts" time="0.462"/>
  <testcase classname="testcases.ProductTests" name="testGetLimitedProducts" time="0.488"/>
  <testcase classname="testcases.ProductTests" name="testGetProductsByCategory" time="0.506"/>
  <testcase classname="testcases.ProductTests" name="testGetSingleProductById" time="0.442"/>
  <testcase classname="testcases.ProductTests" name="testGetSortedProducts" time="0.457"/>
  <testcase classname="testcases.ProductTests" name="testGetSortedProductsAsc" time="0.498"/>
  <testcase classname="testcases.ProductTests" name="testUpdateProduct" time="0.445"/>
</testsuite> <!-- Product -->
