<?xml version="1.0" encoding="UTF-8"?>
<!-- Generated by org.testng.reporters.JUnitXMLReporter -->
<testsuite ignored="0" hostname="DESKTOP-ER55616" failures="0" tests="5" name="Product data Driven " time="4.495" errors="0" timestamp="2026-09-22T10:20:45 IST">
  <testcase classname="testcases.ProductDataDrivenTest" name="testAddNewProduct" time="0.853"/>
  <testcase classname="testcases.ProductDataDrivenTest" name="testAddNewProduct" time="0.862"/>
  <testcase classname="testcases.ProductDataDrivenTest" name="testAddNewProduct" time="0.961"/>
  <testcase classname="testcases.ProductDataDrivenTest" name="testAddNewProduct" time="0.849"/>
  <testcase classname="testcases.ProductDataDrivenTest" name="testAddNewProduct" time="0.894"/>
</testsuite> <!-- Product data Driven  -->
