<?xml version="1.0" encoding="UTF-8"?>
<!-- Generated by org.testng.reporters.JUnitXMLReporter -->
<testsuite ignored="0" hostname="DESKTOP-ER55616" failures="0" tests="10" name="Product" time="4.714" errors="0" timestamp="2026-09-22T10:20:40 IST">
  <testcase classname="testcases.ProductTests" name="testAddNewProduct" time="0.491"/>
  <testcase classname="testcases.ProductTests" name="testDeleteProduct" time="0.427"/>
  <testcase classname="testcases.ProductTests" name="testGetAllCategories" time="0.419"/>
  <testcase classname="testcases.ProductTests" name="testGetAllProducts" time="0.43"/>
  <testcase classname="testcases.ProductTests" name="testGetLimitedProducts" time="0.769"/>
  <testcase classname="testcases.ProductTests" name="testGetProductsByCategory" time="0.447"/>
  <testcase classname="testcases.ProductTests" name="testGetSingleProductById" time="0.418"/>
  <testcase classname="testcases.ProductTests" name="testGetSortedProducts" time="0.441"/>
  <testcase classname="testcases.ProductTests" name="testGetSortedProductsAsc" time="0.419"/>
  <testcase classname="testcases.ProductTests" name="testUpdateProduct" time="0.416"/>
</testsuite> <!-- Product -->
