<?xml version="1.0" encoding="UTF-8"?>
<!-- Generated by org.testng.reporters.JUnitXMLReporter -->
<testsuite ignored="0" hostname="DESKTOP-ER55616" failures="0" tests="3" name="Schema" time="5.254" errors="0" timestamp="2026-09-22T01:44:54 IST">
  <testcase classname="testcases.SchemaTests" name="testCartSchema" time="2.777"/>
  <testcase classname="testcases.SchemaTests" name="testProductSchema" time="1.149"/>
  <testcase classname="testcases.SchemaTests" name="testUserSchema" time="0.563"/>
</testsuite> <!-- Schema -->
