<?xml version="1.0" encoding="UTF-8"?>
<!-- Generated by org.testng.reporters.JUnitXMLReporter -->
<testsuite ignored="0" hostname="DESKTOP-ER55616" failures="0" tests="8" name="User" time="4.688" errors="0" timestamp="2026-09-22T10:20:35 IST">
  <testcase classname="testcases.UserTests" name="getAllUsers" time="0.628"/>
  <testcase classname="testcases.UserTests" name="getUserById" time="0.544"/>
  <testcase classname="testcases.UserTests" name="testCreateUser" time="0.734"/>
  <testcase classname="testcases.UserTests" name="testDeleteUser" time="0.534"/>
  <testcase classname="testcases.UserTests" name="testGetUsersByLimit" time="0.54"/>
  <testcase classname="testcases.UserTests" name="testGetUsersSorted" time="0.59"/>
  <testcase classname="testcases.UserTests" name="testGetUsersSortedAsending" time="0.619"/>
  <testcase classname="testcases.UserTests" name="testUpdateUser" time="0.465"/>
</testsuite> <!-- User -->
