<?xml version="1.0" encoding="UTF-8"?>
<!-- Generated by org.testng.reporters.JUnitXMLReporter -->
<testsuite ignored="7" hostname="DESKTOP-ER55616" failures="0" tests="1" name="Default test" time="3.349" errors="0" timestamp="2026-09-18T23:15:46 IST">
  <testcase classname="testcases.UserTests" name="testDeleteUser" time="2.641"/>
  <testcase classname="testcases.UserTests" name="getUserById" time="0.0">
    <ignored/>
  </testcase> <!-- getUserById -->
  <testcase classname="testcases.UserTests" name="testGetUsersSortedAsending" time="0.0">
    <ignored/>
  </testcase> <!-- testGetUsersSortedAsending -->
  <testcase classname="testcases.UserTests" name="testCreateUser" time="0.0">
    <ignored/>
  </testcase> <!-- testCreateUser -->
  <testcase classname="testcases.UserTests" name="testUpdateUser" time="0.0">
    <ignored/>
  </testcase> <!-- testUpdateUser -->
  <testcase classname="testcases.UserTests" name="testGetUsersSorted" time="0.0">
    <ignored/>
  </testcase> <!-- testGetUsersSorted -->
  <testcase classname="testcases.UserTests" name="getAllUsers" time="0.0">
    <ignored/>
  </testcase> <!-- getAllUsers -->
  <testcase classname="testcases.UserTests" name="testGetUsersByLimit" time="0.0">
    <ignored/>
  </testcase> <!-- testGetUsersByLimit -->
</testsuite> <!-- Default test -->
