<?xml version="1.0" encoding="UTF-8"?>
<!-- Generated by org.testng.reporters.JUnitXMLReporter -->
<testsuite ignored="1" hostname="DESKTOP-ER55616" failures="0" tests="1" name="Default test" time="3.372" errors="0" timestamp="2026-09-22T00:34:05 IST">
  <testcase classname="testcases.LoginTests" name="testInvalidUserLogin" time="2.907"/>
  <testcase classname="testcases.LoginTests" name="testValidUserLogin" time="0.0">
    <ignored/>
  </testcase> <!-- testValidUserLogin -->
</testsuite> <!-- Default test -->
