<?xml version="1.0" encoding="UTF-8"?>
<!-- Generated by org.testng.reporters.JUnitXMLReporter -->
<testsuite ignored="0" hostname="DESKTOP-ER55616" failures="0" tests="10" name="Cart" time="15.564" errors="0" timestamp="2026-09-22T01:27:49 IST">
  <testcase classname="testcases.CartTest" name="testCreateCart" time="4.211"/>
  <testcase classname="testcases.CartTest" name="testDeleteCart" time="1.847"/>
  <testcase classname="testcases.CartTest" name="testGetAllCarts" time="1.915"/>
  <testcase classname="testcases.CartTest" name="testGetCartById" time="1.106"/>
  <testcase classname="testcases.CartTest" name="testGetCartsByDateRange" time="1.661"/>
  <testcase classname="testcases.CartTest" name="testGetCartsSortedAsc" time="1.164"/>
  <testcase classname="testcases.CartTest" name="testGetCartsSorteddesc" time="1.804"/>
  <testcase classname="testcases.CartTest" name="testGetCartsWithLimit" time="0.842"/>
  <testcase classname="testcases.CartTest" name="testGetUserCart" time="0.532"/>
  <testcase classname="testcases.CartTest" name="testUpdateCart" time="0.451"/>
</testsuite> <!-- Cart -->
