<?xml version="1.0" encoding="UTF-8"?>
<!-- Generated by org.testng.reporters.JUnitXMLReporter -->
<testsuite ignored="0" hostname="DESKTOP-ER55616" failures="0" tests="5" name="Product data Driven " time="10.721" errors="0" timestamp="2026-09-22T01:27:27 IST">
  <testcase classname="testcases.ProductDataDrivenTest" name="testAddNewProduct" time="1.374"/>
  <testcase classname="testcases.ProductDataDrivenTest" name="testAddNewProduct" time="2.376"/>
  <testcase classname="testcases.ProductDataDrivenTest" name="testAddNewProduct" time="1.348"/>
  <testcase classname="testcases.ProductDataDrivenTest" name="testAddNewProduct" time="2.156"/>
  <testcase classname="testcases.ProductDataDrivenTest" name="testAddNewProduct" time="3.375"/>
</testsuite> <!-- Product data Driven  -->
