<?xml version="1.0" encoding="UTF-8"?>
<!-- Generated by org.testng.reporters.JUnitXMLReporter -->
<testsuite ignored="0" hostname="DESKTOP-ER55616" failures="0" tests="3" name="Schema" time="6.636" errors="0" timestamp="2026-09-22T01:27:34 IST">
  <testcase classname="testcases.SchemaTests" name="testCartSchema" time="2.258"/>
  <testcase classname="testcases.SchemaTests" name="testProductSchema" time="1.857"/>
  <testcase classname="testcases.SchemaTests" name="testUserSchema" time="2.51"/>
</testsuite> <!-- Schema -->
