<?xml version="1.0" encoding="UTF-8"?>
<!-- Generated by org.testng.reporters.JUnitXMLReporter -->
<testsuite ignored="0" hostname="DESKTOP-ER55616" failures="0" tests="38" name="Test" time="29.803" errors="0" timestamp="2026-09-22T01:00:20 IST">
  <testcase classname="testcases.LoginTests" name="testInvalidUserLogin" time="2.75"/>
  <testcase classname="testcases.LoginTests" name="testValidUserLogin" time="1.293"/>
  <testcase classname="testcases.UserTests" name="getAllUsers" time="1.176"/>
  <testcase classname="testcases.UserTests" name="getUserById" time="0.575"/>
  <testcase classname="testcases.UserTests" name="testCreateUser" time="0.752"/>
  <testcase classname="testcases.UserTests" name="testDeleteUser" time="0.526"/>
  <testcase classname="testcases.UserTests" name="testGetUsersByLimit" time="1.093"/>
  <testcase classname="testcases.UserTests" name="testGetUsersSorted" time="0.565"/>
  <testcase classname="testcases.UserTests" name="testGetUsersSortedAsending" time="0.569"/>
  <testcase classname="testcases.UserTests" name="testUpdateUser" time="0.444"/>
  <testcase classname="testcases.SchemaTests" name="testCartSchema" time="0.841"/>
  <testcase classname="testcases.SchemaTests" name="testProductSchema" time="0.48"/>
  <testcase classname="testcases.SchemaTests" name="testUserSchema" time="0.584"/>
  <testcase classname="testcases.ProductTests" name="testAddNewProduct" time="0.53"/>
  <testcase classname="testcases.ProductTests" name="testDeleteProduct" time="0.927"/>
  <testcase classname="testcases.ProductTests" name="testGetAllCategories" time="0.464"/>
  <testcase classname="testcases.ProductTests" name="testGetAllProducts" time="0.441"/>
  <testcase classname="testcases.ProductTests" name="testGetLimitedProducts" time="0.955"/>
  <testcase classname="testcases.ProductTests" name="testGetProductsByCategory" time="0.98"/>
  <testcase classname="testcases.ProductTests" name="testGetSingleProductById" time="0.401"/>
  <testcase classname="testcases.ProductTests" name="testGetSortedProducts" time="0.795"/>
  <testcase classname="testcases.ProductTests" name="testGetSortedProductsAsc" time="0.495"/>
  <testcase classname="testcases.ProductTests" name="testUpdateProduct" time="0.946"/>
  <testcase classname="testcases.ProductDataDrivenTest" name="testAddNewProduct" time="0.928"/>
  <testcase classname="testcases.ProductDataDrivenTest" name="testAddNewProduct" time="1.439"/>
  <testcase classname="testcases.ProductDataDrivenTest" name="testAddNewProduct" time="0.907"/>
  <testcase classname="testcases.ProductDataDrivenTest" name="testAddNewProduct" time="0.85"/>
  <testcase classname="testcases.ProductDataDrivenTest" name="testAddNewProduct" time="0.916"/>
  <testcase classname="testcases.CartTest" name="testCreateCart" time="0.5"/>
  <testcase classname="testcases.CartTest" name="testDeleteCart" time="0.523"/>
  <testcase classname="testcases.CartTest" name="testGetAllCarts" time="0.534"/>
  <testcase classname="testcases.CartTest" name="testGetCartById" time="0.539"/>
  <testcase classname="testcases.CartTest" name="testGetCartsByDateRange" time="0.56"/>
  <testcase classname="testcases.CartTest" name="testGetCartsSortedAsc" time="0.567"/>
  <testcase classname="testcases.CartTest" name="testGetCartsSorteddesc" time="0.568"/>
  <testcase classname="testcases.CartTest" name="testGetCartsWithLimit" time="0.552"/>
  <testcase classname="testcases.CartTest" name="testGetUserCart" time="0.548"/>
  <testcase classname="testcases.CartTest" name="testUpdateCart" time="0.48"/>
</testsuite> <!-- Test -->
