<?xml version="1.0" encoding="UTF-8"?>
<!-- Generated by org.testng.reporters.JUnitXMLReporter -->
<testsuite ignored="0" hostname="DESKTOP-ER55616" failures="0" tests="10" name="Test2" time="11.518" errors="0" timestamp="2026-09-19T11:46:14 IST">
  <testcase classname="testcases.ProductTests" name="testAddNewProduct" time="3.746"/>
  <testcase classname="testcases.ProductTests" name="testDeleteProduct" time="1.405"/>
  <testcase classname="testcases.ProductTests" name="testGetAllCategories" time="1.177"/>
  <testcase classname="testcases.ProductTests" name="testGetAllProducts" time="0.458"/>
  <testcase classname="testcases.ProductTests" name="testGetLimitedProducts" time="0.51"/>
  <testcase classname="testcases.ProductTests" name="testGetProductsByCategory" time="1.233"/>
  <testcase classname="testcases.ProductTests" name="testGetSingleProductById" time="0.43"/>
  <testcase classname="testcases.ProductTests" name="testGetSortedProducts" time="0.497"/>
  <testcase classname="testcases.ProductTests" name="testGetSortedProductsAsc" time="0.587"/>
  <testcase classname="testcases.ProductTests" name="testUpdateProduct" time="0.525"/>
</testsuite> <!-- Test2 -->
