<?xml version="1.0" encoding="UTF-8"?>
<!-- Generated by org.testng.reporters.JUnitXMLReporter -->
<testsuite ignored="0" hostname="DESKTOP-ER55616" failures="0" tests="5" name="Test3" time="11.886" errors="0" timestamp="2026-09-19T11:46:14 IST">
  <testcase classname="testcases.ProductDataDrivenTest" name="testAddNewProduct" time="4.875"/>
  <testcase classname="testcases.ProductDataDrivenTest" name="testAddNewProduct" time="1.813"/>
  <testcase classname="testcases.ProductDataDrivenTest" name="testAddNewProduct" time="1.589"/>
  <testcase classname="testcases.ProductDataDrivenTest" name="testAddNewProduct" time="0.888"/>
  <testcase classname="testcases.ProductDataDrivenTest" name="testAddNewProduct" time="1.507"/>
</testsuite> <!-- Test3 -->
