<?xml version="1.0" encoding="UTF-8"?>
<!-- Generated by org.testng.reporters.JUnitXMLReporter -->
<testsuite ignored="0" hostname="DESKTOP-ER55616" failures="0" tests="23" name="Test" time="44.085" errors="0" timestamp="2026-09-19T11:35:16 IST">
  <testcase classname="testcases.UserTests" name="getAllUsers" time="5.909"/>
  <testcase classname="testcases.UserTests" name="getUserById" time="2.384"/>
  <testcase classname="testcases.UserTests" name="testCreateUser" time="2.907"/>
  <testcase classname="testcases.UserTests" name="testDeleteUser" time="0.561"/>
  <testcase classname="testcases.UserTests" name="testGetUsersByLimit" time="0.574"/>
  <testcase classname="testcases.UserTests" name="testGetUsersSorted" time="0.647"/>
  <testcase classname="testcases.UserTests" name="testGetUsersSortedAsending" time="1.345"/>
  <testcase classname="testcases.UserTests" name="testUpdateUser" time="2.818"/>
  <testcase classname="testcases.ProductTests" name="testAddNewProduct" time="2.28"/>
  <testcase classname="testcases.ProductTests" name="testDeleteProduct" time="1.779"/>
  <testcase classname="testcases.ProductTests" name="testGetAllCategories" time="1.995"/>
  <testcase classname="testcases.ProductTests" name="testGetAllProducts" time="1.334"/>
  <testcase classname="testcases.ProductTests" name="testGetLimitedProducts" time="0.925"/>
  <testcase classname="testcases.ProductTests" name="testGetProductsByCategory" time="0.529"/>
  <testcase classname="testcases.ProductTests" name="testGetSingleProductById" time="0.436"/>
  <testcase classname="testcases.ProductTests" name="testGetSortedProducts" time="0.506"/>
  <testcase classname="testcases.ProductTests" name="testGetSortedProductsAsc" time="1.1"/>
  <testcase classname="testcases.ProductTests" name="testUpdateProduct" time="1.564"/>
  <testcase classname="testcases.ProductDataDrivenTest" name="testAddNewProduct" time="2.025"/>
  <testcase classname="testcases.ProductDataDrivenTest" name="testAddNewProduct" time="0.964"/>
  <testcase classname="testcases.ProductDataDrivenTest" name="testAddNewProduct" time="1.365"/>
  <testcase classname="testcases.ProductDataDrivenTest" name="testAddNewProduct" time="4.715"/>
  <testcase classname="testcases.ProductDataDrivenTest" name="testAddNewProduct" time="4.159"/>
</testsuite> <!-- Test -->
