<?xml version="1.0" encoding="UTF-8"?>
<!-- Generated by org.testng.reporters.JUnitXMLReporter -->
<testsuite ignored="0" hostname="DESKTOP-ER55616" failures="0" tests="8" name="User" time="18.623" errors="0" timestamp="2026-09-22T01:26:58 IST">
  <testcase classname="testcases.UserTests" name="getAllUsers" time="2.449"/>
  <testcase classname="testcases.UserTests" name="getUserById" time="2.112"/>
  <testcase classname="testcases.UserTests" name="testCreateUser" time="2.197"/>
  <testcase classname="testcases.UserTests" name="testDeleteUser" time="2.684"/>
  <testcase classname="testcases.UserTests" name="testGetUsersByLimit" time="1.851"/>
  <testcase classname="testcases.UserTests" name="testGetUsersSorted" time="2.777"/>
  <testcase classname="testcases.UserTests" name="testGetUsersSortedAsending" time="1.975"/>
  <testcase classname="testcases.UserTests" name="testUpdateUser" time="2.544"/>
</testsuite> <!-- User -->
