<?xml version="1.0" encoding="UTF-8"?>
<!-- Generated by org.testng.reporters.JUnitXMLReporter -->
<testsuite ignored="0" hostname="DESKTOP-ER55616" failures="0" tests="10" name="Product" time="18.731" errors="0" timestamp="2026-09-22T13:03:08 IST">
  <testcase classname="testcases.ProductTests" name="testAddNewProduct" time="7.01"/>
  <testcase classname="testcases.ProductTests" name="testDeleteProduct" time="0.607"/>
  <testcase classname="testcases.ProductTests" name="testGetAllCategories" time="0.503"/>
  <testcase classname="testcases.ProductTests" name="testGetAllProducts" time="0.641"/>
  <testcase classname="testcases.ProductTests" name="testGetLimitedProducts" time="3.832"/>
  <testcase classname="testcases.ProductTests" name="testGetProductsByCategory" time="0.667"/>
  <testcase classname="testcases.ProductTests" name="testGetSingleProductById" time="0.437"/>
  <testcase classname="testcases.ProductTests" name="testGetSortedProducts" time="0.466"/>
  <testcase classname="testcases.ProductTests" name="testGetSortedProductsAsc" time="0.821"/>
  <testcase classname="testcases.ProductTests" name="testUpdateProduct" time="2.559"/>
</testsuite> <!-- Product -->
