<?xml version="1.0" encoding="UTF-8"?>
<!-- Generated by org.testng.reporters.JUnitXMLReporter -->
<testsuite ignored="0" hostname="DESKTOP-ER55616" failures="0" tests="5" name="Product data Driven " time="19.879" errors="0" timestamp="2026-09-22T13:03:09 IST">
  <testcase classname="testcases.ProductDataDrivenTest" name="testAddNewProduct" time="6.646"/>
  <testcase classname="testcases.ProductDataDrivenTest" name="testAddNewProduct" time="2.263"/>
  <testcase classname="testcases.ProductDataDrivenTest" name="testAddNewProduct" time="0.898"/>
  <testcase classname="testcases.ProductDataDrivenTest" name="testAddNewProduct" time="6.547"/>
  <testcase classname="testcases.ProductDataDrivenTest" name="testAddNewProduct" time="1.052"/>
</testsuite> <!-- Product data Driven  -->
