<?xml version="1.0" encoding="UTF-8"?>
<!-- Generated by org.testng.reporters.JUnitXMLReporter -->
<testsuite ignored="0" hostname="DESKTOP-ER55616" failures="0" tests="3" name="Schema" time="9.182" errors="0" timestamp="2026-09-22T13:03:00 IST">
  <testcase classname="testcases.SchemaTests" name="testCartSchema" time="6.034"/>
  <testcase classname="testcases.SchemaTests" name="testProductSchema" time="0.643"/>
  <testcase classname="testcases.SchemaTests" name="testUserSchema" time="1.185"/>
</testsuite> <!-- Schema -->
