<?xml version="1.0" encoding="UTF-8"?>
<!-- Generated by org.testng.reporters.JUnitXMLReporter -->
<testsuite ignored="0" hostname="DESKTOP-ER55616" failures="0" tests="8" name="User" time="14.752" errors="0" timestamp="2026-09-22T13:03:04 IST">
  <testcase classname="testcases.UserTests" name="getAllUsers" time="6.898"/>
  <testcase classname="testcases.UserTests" name="getUserById" time="0.698"/>
  <testcase classname="testcases.UserTests" name="testCreateUser" time="0.98"/>
  <testcase classname="testcases.UserTests" name="testDeleteUser" time="0.592"/>
  <testcase classname="testcases.UserTests" name="testGetUsersByLimit" time="0.566"/>
  <testcase classname="testcases.UserTests" name="testGetUsersSorted" time="2.604"/>
  <testcase classname="testcases.UserTests" name="testGetUsersSortedAsending" time="0.627"/>
  <testcase classname="testcases.UserTests" name="testUpdateUser" time="0.619"/>
</testsuite> <!-- User -->
