<?xml version="1.0" encoding="UTF-8"?>
<!-- Generated by org.testng.reporters.JUnitXMLReporter -->
<testsuite ignored="0" hostname="DESKTOP-ER55616" failures="0" tests="15" name="Test" time="19.75" errors="0" timestamp="2026-09-17T23:13:20 IST">
  <testcase classname="testcases.ProductTests" name="testAddNewProduct" time="4.641"/>
  <testcase classname="testcases.ProductTests" name="testDeleteProduct" time="0.525"/>
  <testcase classname="testcases.ProductTests" name="testGetAllCategories" time="1.07"/>
  <testcase classname="testcases.ProductTests" name="testGetAllProducts" time="0.511"/>
  <testcase classname="testcases.ProductTests" name="testGetLimitedProducts" time="1.029"/>
  <testcase classname="testcases.ProductTests" name="testGetProductsByCategory" time="0.561"/>
  <testcase classname="testcases.ProductTests" name="testGetSingleProductById" time="0.43"/>
  <testcase classname="testcases.ProductTests" name="testGetSortedProducts" time="0.509"/>
  <testcase classname="testcases.ProductTests" name="testGetSortedProductsAsc" time="1.103"/>
  <testcase classname="testcases.ProductTests" name="testUpdateProduct" time="0.937"/>
  <testcase classname="testcases.ProductDataDrivenTest" name="testAddNewProduct" time="1.96"/>
  <testcase classname="testcases.ProductDataDrivenTest" name="testAddNewProduct" time="2.052"/>
  <testcase classname="testcases.ProductDataDrivenTest" name="testAddNewProduct" time="1.417"/>
  <testcase classname="testcases.ProductDataDrivenTest" name="testAddNewProduct" time="0.868"/>
  <testcase classname="testcases.ProductDataDrivenTest" name="testAddNewProduct" time="0.864"/>
</testsuite> <!-- Test -->
