<?xml version="1.0" encoding="UTF-8"?>
<testng-results ignored="0" total="10" passed="10" failed="0" skipped="0">
  <reporter-output>
  </reporter-output>
  <suite started-at="2026-09-15T11:01:25 IST" name="Default suite" finished-at="2026-09-15T11:01:39 IST" duration-ms="13624">
    <groups>
    </groups>
    <test started-at="2026-09-15T11:01:25 IST" name="Default test" finished-at="2026-09-15T11:01:39 IST" duration-ms="13624">
      <class name="testcases.ProductTests">
        <test-method is-config="true" signature="setup()[pri:0, instance:testcases.ProductTests@6a4f1a55]" started-at="2026-09-15T11:01:25 IST" name="setup" finished-at="2026-09-15T11:01:25 IST" duration-ms="414" status="PASS">
          <reporter-output>
          </reporter-output>
        </test-method> <!-- setup -->
        <test-method signature="testAddNewProduct()[pri:0, instance:testcases.ProductTests@6a4f1a55]" started-at="2026-09-15T11:01:25 IST" name="testAddNewProduct" finished-at="2026-09-15T11:01:30 IST" duration-ms="4422" status="PASS">
          <reporter-output>
          </reporter-output>
        </test-method> <!-- testAddNewProduct -->
        <test-method signature="testDeleteProduct()[pri:0, instance:testcases.ProductTests@6a4f1a55]" started-at="2026-09-15T11:01:30 IST" name="testDeleteProduct" finished-at="2026-09-15T11:01:31 IST" duration-ms="898" status="PASS">
          <reporter-output>
          </reporter-output>
        </test-method> <!-- testDeleteProduct -->
        <test-method signature="testGetAllCategories()[pri:0, instance:testcases.ProductTests@6a4f1a55]" started-at="2026-09-15T11:01:31 IST" name="testGetAllCategories" finished-at="2026-09-15T11:01:32 IST" duration-ms="736" status="PASS">
          <reporter-output>
          </reporter-output>
        </test-method> <!-- testGetAllCategories -->
        <test-method signature="testGetAllProducts()[pri:0, instance:testcases.ProductTests@6a4f1a55]" started-at="2026-09-15T11:01:32 IST" name="testGetAllProducts" finished-at="2026-09-15T11:01:32 IST" duration-ms="724" status="PASS">
          <reporter-output>
          </reporter-output>
        </test-method> <!-- testGetAllProducts -->
        <test-method signature="testGetLimitedProducts()[pri:0, instance:testcases.ProductTests@6a4f1a55]" started-at="2026-09-15T11:01:32 IST" name="testGetLimitedProducts" finished-at="2026-09-15T11:01:33 IST" duration-ms="497" status="PASS">
          <reporter-output>
          </reporter-output>
        </test-method> <!-- testGetLimitedProducts -->
        <test-method signature="testGetProductsByCategory()[pri:0, instance:testcases.ProductTests@6a4f1a55]" started-at="2026-09-15T11:01:33 IST" name="testGetProductsByCategory" finished-at="2026-09-15T11:01:33 IST" duration-ms="496" status="PASS">
          <reporter-output>
          </reporter-output>
        </test-method> <!-- testGetProductsByCategory -->
        <test-method signature="testGetSingleProductById()[pri:0, instance:testcases.ProductTests@6a4f1a55]" started-at="2026-09-15T11:01:33 IST" name="testGetSingleProductById" finished-at="2026-09-15T11:01:34 IST" duration-ms="1090" status="PASS">
          <reporter-output>
          </reporter-output>
        </test-method> <!-- testGetSingleProductById -->
        <test-method signature="testGetSortedProducts()[pri:0, instance:testcases.ProductTests@6a4f1a55]" started-at="2026-09-15T11:01:34 IST" name="testGetSortedProducts" finished-at="2026-09-15T11:01:36 IST" duration-ms="1655" status="PASS">
          <reporter-output>
          </reporter-output>
        </test-method> <!-- testGetSortedProducts -->
        <test-method signature="testGetSortedProductsAsc()[pri:0, instance:testcases.ProductTests@6a4f1a55]" started-at="2026-09-15T11:01:36 IST" name="testGetSortedProductsAsc" finished-at="2026-09-15T11:01:37 IST" duration-ms="1024" status="PASS">
          <reporter-output>
          </reporter-output>
        </test-method> <!-- testGetSortedProductsAsc -->
        <test-method signature="testUpdateProduct()[pri:0, instance:testcases.ProductTests@6a4f1a55]" started-at="2026-09-15T11:01:37 IST" name="testUpdateProduct" finished-at="2026-09-15T11:01:39 IST" duration-ms="1509" status="PASS">
          <reporter-output>
          </reporter-output>
        </test-method> <!-- testUpdateProduct -->
      </class> <!-- testcases.ProductTests -->
    </test> <!-- Default test -->
  </suite> <!-- Default suite -->
</testng-results>
