<?xml version="1.0" encoding="UTF-8"?>
<!-- Generated by org.testng.reporters.JUnitReportReporter -->
<testsuite hostname="DESKTOP-ER55616" failures="0" tests="5" name="testcases.ProductDataDrivenTest" time="10.672" errors="0" timestamp="2026-09-19T11:46:14 IST" skipped="0">
  <testcase classname="testcases.ProductDataDrivenTest" name="testAddNewProduct" time="4.875"/>
  <testcase classname="testcases.ProductDataDrivenTest" name="testAddNewProduct" time="0.888"/>
  <testcase classname="testcases.ProductDataDrivenTest" name="testAddNewProduct" time="1.507"/>
  <testcase classname="testcases.ProductDataDrivenTest" name="testAddNewProduct" time="1.589"/>
  <testcase classname="testcases.ProductDataDrivenTest" name="testAddNewProduct" time="1.813"/>
</testsuite> <!-- testcases.ProductDataDrivenTest -->
