<?xml version="1.0" encoding="UTF-8"?>
<!-- Generated by org.testng.reporters.JUnitReportReporter -->
<testsuite hostname="DESKTOP-ER55616" failures="0" tests="10" name="testcases.CartTest" time="6.728" errors="0" timestamp="2026-09-22T01:45:01 IST" skipped="0">
  <testcase classname="testcases.CartTest" name="testGetAllCarts" time="0.584"/>
  <testcase classname="testcases.CartTest" name="testGetCartsSorteddesc" time="1.048"/>
  <testcase classname="testcases.CartTest" name="testUpdateCart" time="0.743"/>
  <testcase classname="testcases.CartTest" name="testGetCartById" time="0.568"/>
  <testcase classname="testcases.CartTest" name="testGetCartsByDateRange" time="0.572"/>
  <testcase classname="testcases.CartTest" name="testGetCartsSortedAsc" time="0.542"/>
  <testcase classname="testcases.CartTest" name="testGetCartsWithLimit" time="0.535"/>
  <testcase classname="testcases.CartTest" name="testDeleteCart" time="1.039"/>
  <testcase classname="testcases.CartTest" name="testCreateCart" time="0.529"/>
  <testcase classname="testcases.CartTest" name="testGetUserCart" time="0.568"/>
</testsuite> <!-- testcases.CartTest -->
