<?xml version="1.0" encoding="UTF-8"?>
<!-- Generated by org.testng.reporters.JUnitReportReporter -->
<testsuite hostname="DESKTOP-ER55616" failures="0" tests="3" name="testcases.SchemaTests" time="4.489" errors="0" timestamp="2026-09-22T01:45:01 IST" skipped="0">
  <testcase classname="testcases.SchemaTests" name="testCartSchema" time="2.777"/>
  <testcase classname="testcases.SchemaTests" name="testUserSchema" time="0.563"/>
  <testcase classname="testcases.SchemaTests" name="testProductSchema" time="1.149"/>
</testsuite> <!-- testcases.SchemaTests -->
