<?xml version="1.0" encoding="UTF-8"?>
<!-- Generated by org.testng.reporters.JUnitReportReporter -->
<testsuite hostname="DESKTOP-ER55616" failures="0" tests="8" name="testcases.UserTests" time="10.932" errors="0" timestamp="2026-09-19T11:46:14 IST" skipped="0">
  <testcase classname="testcases.UserTests" name="testGetUsersSortedAsending" time="0.557"/>
  <testcase classname="testcases.UserTests" name="testCreateUser" time="0.892"/>
  <testcase classname="testcases.UserTests" name="getAllUsers" time="3.882"/>
  <testcase classname="testcases.UserTests" name="testDeleteUser" time="0.525"/>
  <testcase classname="testcases.UserTests" name="testGetUsersByLimit" time="0.569"/>
  <testcase classname="testcases.UserTests" name="testGetUsersSorted" time="0.708"/>
  <testcase classname="testcases.UserTests" name="getUserById" time="1.775"/>
  <testcase classname="testcases.UserTests" name="testUpdateUser" time="2.024"/>
</testsuite> <!-- testcases.UserTests -->
