<?xml version="1.0" encoding="UTF-8"?>
<!-- Generated by org.testng.reporters.JUnitReportReporter -->
<testsuite hostname="DESKTOP-ER55616" failures="0" tests="10" name="testcases.ProductTests" time="11.316" errors="0" timestamp="2026-09-17T23:13:20 IST" skipped="0">
  <testcase classname="testcases.ProductTests" name="testGetLimitedProducts" time="1.029"/>
  <testcase classname="testcases.ProductTests" name="testAddNewProduct" time="4.641"/>
  <testcase classname="testcases.ProductTests" name="testGetAllProducts" time="0.511"/>
  <testcase classname="testcases.ProductTests" name="testGetAllCategories" time="1.070"/>
  <testcase classname="testcases.ProductTests" name="testGetSortedProductsAsc" time="1.103"/>
  <testcase classname="testcases.ProductTests" name="testGetSingleProductById" time="0.430"/>
  <testcase classname="testcases.ProductTests" name="testGetProductsByCategory" time="0.561"/>
  <testcase classname="testcases.ProductTests" name="testUpdateProduct" time="0.937"/>
  <testcase classname="testcases.ProductTests" name="testDeleteProduct" time="0.525"/>
  <testcase classname="testcases.ProductTests" name="testGetSortedProducts" time="0.509"/>
</testsuite> <!-- testcases.ProductTests -->
