<?xml version="1.0" encoding="UTF-8"?>
<!-- Generated by org.testng.reporters.JUnitReportReporter -->
<testsuite hostname="DESKTOP-ER55616" failures="0" tests="10" name="testcases.ProductTests" time="13.051" errors="0" timestamp="2026-09-15T11:01:39 IST" skipped="0">
  <testcase classname="testcases.ProductTests" name="testGetAllCategories" time="0.736"/>
  <testcase classname="testcases.ProductTests" name="testGetSortedProductsAsc" time="1.024"/>
  <testcase classname="testcases.ProductTests" name="testGetLimitedProducts" time="0.497"/>
  <testcase classname="testcases.ProductTests" name="testDeleteProduct" time="0.898"/>
  <testcase classname="testcases.ProductTests" name="testGetSingleProductById" time="1.090"/>
  <testcase classname="testcases.ProductTests" name="testGetProductsByCategory" time="0.496"/>
  <testcase classname="testcases.ProductTests" name="testGetSortedProducts" time="1.655"/>
  <testcase classname="testcases.ProductTests" name="testUpdateProduct" time="1.509"/>
  <testcase classname="testcases.ProductTests" name="testAddNewProduct" time="4.422"/>
  <testcase classname="testcases.ProductTests" name="testGetAllProducts" time="0.724"/>
</testsuite> <!-- testcases.ProductTests -->
