<?xml version="1.0" encoding="UTF-8"?>
<!-- Generated by org.testng.reporters.JUnitReportReporter -->
<testsuite hostname="DESKTOP-ER55616" failures="0" tests="3" name="testcases.SchemaTests" time="7.862" errors="0" timestamp="2026-09-22T13:03:10 IST" skipped="0">
  <testcase classname="testcases.SchemaTests" name="testUserSchema" time="1.185"/>
  <testcase classname="testcases.SchemaTests" name="testCartSchema" time="6.034"/>
  <testcase classname="testcases.SchemaTests" name="testProductSchema" time="0.643"/>
</testsuite> <!-- testcases.SchemaTests -->
