<?xml version="1.0" encoding="UTF-8"?>
<!-- Generated by org.testng.reporters.JUnitReportReporter -->
<testsuite hostname="DESKTOP-ER55616" failures="0" tests="10" name="testcases.CartTest" time="10.211" errors="0" timestamp="2026-09-22T13:03:10 IST" skipped="0">
  <testcase classname="testcases.CartTest" name="testDeleteCart" time="1.043"/>
  <testcase classname="testcases.CartTest" name="testGetAllCarts" time="0.718"/>
  <testcase classname="testcases.CartTest" name="testGetCartsSortedAsc" time="0.734"/>
  <testcase classname="testcases.CartTest" name="testGetCartById" time="1.058"/>
  <testcase classname="testcases.CartTest" name="testGetCartsByDateRange" time="0.566"/>
  <testcase classname="testcases.CartTest" name="testGetCartsWithLimit" time="2.872"/>
  <testcase classname="testcases.CartTest" name="testGetUserCart" time="0.679"/>
  <testcase classname="testcases.CartTest" name="testUpdateCart" time="0.968"/>
  <testcase classname="testcases.CartTest" name="testCreateCart" time="0.552"/>
  <testcase classname="testcases.CartTest" name="testGetCartsSorteddesc" time="1.021"/>
</testsuite> <!-- testcases.CartTest -->
