<?xml version="1.0" encoding="UTF-8"?>
<!-- Generated by org.testng.reporters.JUnitReportReporter -->
<testsuite hostname="DESKTOP-ER55616" failures="0" tests="5" name="testcases.ProductDataDrivenTest" time="17.406" errors="0" timestamp="2026-09-22T13:03:10 IST" skipped="0">
  <testcase classname="testcases.ProductDataDrivenTest" name="testAddNewProduct" time="6.547"/>
  <testcase classname="testcases.ProductDataDrivenTest" name="testAddNewProduct" time="0.898"/>
  <testcase classname="testcases.ProductDataDrivenTest" name="testAddNewProduct" time="6.646"/>
  <testcase classname="testcases.ProductDataDrivenTest" name="testAddNewProduct" time="1.052"/>
  <testcase classname="testcases.ProductDataDrivenTest" name="testAddNewProduct" time="2.263"/>
</testsuite> <!-- testcases.ProductDataDrivenTest -->
