<?xml version="1.0" encoding="UTF-8"?>
<!-- Generated by org.testng.reporters.JUnitReportReporter -->
<testsuite hostname="DESKTOP-ER55616" failures="0" tests="8" name="testcases.UserTests" time="13.584" errors="0" timestamp="2026-09-22T13:03:10 IST" skipped="0">
  <testcase classname="testcases.UserTests" name="testGetUsersSortedAsending" time="0.627"/>
  <testcase classname="testcases.UserTests" name="testCreateUser" time="0.980"/>
  <testcase classname="testcases.UserTests" name="testGetUsersByLimit" time="0.566"/>
  <testcase classname="testcases.UserTests" name="testDeleteUser" time="0.592"/>
  <testcase classname="testcases.UserTests" name="testUpdateUser" time="0.619"/>
  <testcase classname="testcases.UserTests" name="getAllUsers" time="6.898"/>
  <testcase classname="testcases.UserTests" name="getUserById" time="0.698"/>
  <testcase classname="testcases.UserTests" name="testGetUsersSorted" time="2.604"/>
</testsuite> <!-- testcases.UserTests -->
